<?xml version="1.0" encoding="UTF-8"?>
<testng-results skipped="0" failed="1" total="1" passed="0">
  <reporter-output>
  </reporter-output>
  <suite name="Default suite" duration-ms="6184" started-at="2015-12-16T08:55:55Z" finished-at="2015-12-16T08:56:01Z">
    <groups>
      <group name="loginTest">
        <method signature="loginTest.loginByUerName()[pri:0, instance:com.dbyl.tests.loginTest@1e235b2]" name="loginByUerName" class="com.dbyl.tests.loginTest"/>
      </group> <!-- loginTest -->
    </groups>
    <test name="Default test" duration-ms="6184" started-at="2015-12-16T08:55:55Z" finished-at="2015-12-16T08:56:01Z">
      <class name="com.dbyl.tests.loginTest">
        <test-method status="PASS" signature="init()[pri:0, instance:com.dbyl.tests.loginTest@1e235b2]" name="init" is-config="true" duration-ms="323" started-at="2015-12-16T16:55:55Z" finished-at="2015-12-16T16:55:55Z">
          <reporter-output>
          </reporter-output>
        </test-method> <!-- init -->
        <test-method status="FAIL" signature="loginByUerName()[pri:0, instance:com.dbyl.tests.loginTest@1e235b2]" name="loginByUerName" duration-ms="4751" started-at="2015-12-16T16:55:55Z" finished-at="2015-12-16T16:56:00Z">
          <exception class="org.openqa.selenium.NoSuchElementException">
            <message>
              <![CDATA[no such element
  (Session info: chrome=41.0.2272.118)
  (Driver info: chromedriver=2.11.298604 (75ea2fdb5c87f133a8e1b8da16f6091fb7d5321e),platform=Windows NT 6.1 x86) (WARNING: The server did not provide any stacktrace information)
Command duration or timeout: 26 milliseconds
For documentation on this error, please visit: http://seleniumhq.org/exceptions/no_such_element.html
Build info: version: '2.44.0', revision: '76d78cf', time: '2014-10-23 20:03:00'
System info: host: 'OR', ip: '172.16.135.102', os.name: 'Windows 7', os.arch: 'x86', os.version: '6.1', java.version: '1.7.0_21'
Session ID: b4ccd918210d60255e2ab892770ca56b
Driver info: org.openqa.selenium.chrome.ChromeDriver
Capabilities [{platform=XP, acceptSslCerts=true, javascriptEnabled=true, browserName=chrome, chrome={userDataDir=C:\Users\ADMINI~1\AppData\Local\Temp\scoped_dir6532_29998}, rotatable=false, locationContextEnabled=true, mobileEmulationEnabled=false, version=41.0.2272.118, takesHeapSnapshot=true, cssSelectorsEnabled=true, databaseEnabled=false, handlesAlerts=true, browserConnectionEnabled=false, webStorageEnabled=true, nativeEvents=true, applicationCacheEnabled=false, takesScreenshot=true}]]]>
            </message>
            <full-stacktrace>
              <![CDATA[org.openqa.selenium.NoSuchElementException: no such element
  (Session info: chrome=41.0.2272.118)
  (Driver info: chromedriver=2.11.298604 (75ea2fdb5c87f133a8e1b8da16f6091fb7d5321e),platform=Windows NT 6.1 x86) (WARNING: The server did not provide any stacktrace information)
Command duration or timeout: 26 milliseconds
For documentation on this error, please visit: http://seleniumhq.org/exceptions/no_such_element.html
Build info: version: '2.44.0', revision: '76d78cf', time: '2014-10-23 20:03:00'
System info: host: 'OR', ip: '172.16.135.102', os.name: 'Windows 7', os.arch: 'x86', os.version: '6.1', java.version: '1.7.0_21'
Session ID: b4ccd918210d60255e2ab892770ca56b
Driver info: org.openqa.selenium.chrome.ChromeDriver
Capabilities [{platform=XP, acceptSslCerts=true, javascriptEnabled=true, browserName=chrome, chrome={userDataDir=C:\Users\ADMINI~1\AppData\Local\Temp\scoped_dir6532_29998}, rotatable=false, locationContextEnabled=true, mobileEmulationEnabled=false, version=41.0.2272.118, takesHeapSnapshot=true, cssSelectorsEnabled=true, databaseEnabled=false, handlesAlerts=true, browserConnectionEnabled=false, webStorageEnabled=true, nativeEvents=true, applicationCacheEnabled=false, takesScreenshot=true}]
	at sun.reflect.NativeConstructorAccessorImpl.newInstance0(Native Method)
	at sun.reflect.NativeConstructorAccessorImpl.newInstance(NativeConstructorAccessorImpl.java:57)
	at sun.reflect.DelegatingConstructorAccessorImpl.newInstance(DelegatingConstructorAccessorImpl.java:45)
	at java.lang.reflect.Constructor.newInstance(Constructor.java:525)
	at org.openqa.selenium.remote.ErrorHandler.createThrowable(ErrorHandler.java:204)
	at org.openqa.selenium.remote.ErrorHandler.throwIfResponseFailed(ErrorHandler.java:156)
	at org.openqa.selenium.remote.RemoteWebDriver.execute(RemoteWebDriver.java:599)
	at org.openqa.selenium.remote.RemoteWebDriver.findElement(RemoteWebDriver.java:352)
	at org.openqa.selenium.remote.RemoteWebDriver.findElementByName(RemoteWebDriver.java:425)
	at org.openqa.selenium.By$ByName.findElement(By.java:299)
	at org.openqa.selenium.remote.RemoteWebDriver.findElement(RemoteWebDriver.java:344)
	at com.dbyl.libarary.utils.BasePage.type(BasePage.java:22)
	at com.dbyl.libarary.pageAction.LoginPage.typeEmailInputBox(LoginPage.java:32)
	at com.dbyl.libarary.action.CommonLogin.login(CommonLogin.java:23)
	at com.dbyl.libarary.action.CommonLogin.login(CommonLogin.java:32)
	at com.dbyl.libarary.action.ViewHomePage.viewMyProfile(ViewHomePage.java:26)
	at com.dbyl.tests.loginTest.loginByUerName(loginTest.java:27)
	at sun.reflect.NativeMethodAccessorImpl.invoke0(Native Method)
	at sun.reflect.NativeMethodAccessorImpl.invoke(NativeMethodAccessorImpl.java:57)
	at sun.reflect.DelegatingMethodAccessorImpl.invoke(DelegatingMethodAccessorImpl.java:43)
	at java.lang.reflect.Method.invoke(Method.java:601)
	at org.testng.internal.MethodInvocationHelper.invokeMethod(MethodInvocationHelper.java:84)
	at org.testng.internal.Invoker.invokeMethod(Invoker.java:714)
	at org.testng.internal.Invoker.invokeTestMethod(Invoker.java:901)
	at org.testng.internal.Invoker.invokeTestMethods(Invoker.java:1231)
	at org.testng.internal.TestMethodWorker.invokeTestMethods(TestMethodWorker.java:127)
	at org.testng.internal.TestMethodWorker.run(TestMethodWorker.java:111)
	at org.testng.TestRunner.privateRun(TestRunner.java:767)
	at org.testng.TestRunner.run(TestRunner.java:617)
	at org.testng.SuiteRunner.runTest(SuiteRunner.java:334)
	at org.testng.SuiteRunner.runSequentially(SuiteRunner.java:329)
	at org.testng.SuiteRunner.privateRun(SuiteRunner.java:291)
	at org.testng.SuiteRunner.run(SuiteRunner.java:240)
	at org.testng.SuiteRunnerWorker.runSuite(SuiteRunnerWorker.java:52)
	at org.testng.SuiteRunnerWorker.run(SuiteRunnerWorker.java:86)
	at org.testng.TestNG.runSuitesSequentially(TestNG.java:1224)
	at org.testng.TestNG.runSuitesLocally(TestNG.java:1149)
	at org.testng.TestNG.run(TestNG.java:1057)
	at org.testng.remote.RemoteTestNG.run(RemoteTestNG.java:111)
	at org.testng.remote.RemoteTestNG.initAndRun(RemoteTestNG.java:204)
	at org.testng.remote.RemoteTestNG.main(RemoteTestNG.java:175)
]]>
            </full-stacktrace>
          </exception> <!-- org.openqa.selenium.NoSuchElementException -->
          <reporter-output>
          </reporter-output>
        </test-method> <!-- loginByUerName -->
        <test-method status="PASS" signature="stop()[pri:0, instance:com.dbyl.tests.loginTest@1e235b2]" name="stop" is-config="true" duration-ms="1085" started-at="2015-12-16T16:56:00Z" finished-at="2015-12-16T16:56:01Z">
          <reporter-output>
          </reporter-output>
        </test-method> <!-- stop -->
      </class> <!-- com.dbyl.tests.loginTest -->
    </test> <!-- Default test -->
  </suite> <!-- Default suite -->
</testng-results>
